<?xml version="1.0" encoding="UTF-8"?>
<!-- Generated by org.testng.reporters.JUnitReportReporter -->
<testsuite hostname="DESKTOP-LM2MSCP" failures="0" tests="1" name="cucumberOptions.TestNGRunner" time="15.089" errors="0" timestamp="2025-08-10T11:14:30 IST" skipped="0">
  <testcase classname="cucumberOptions.TestNGRunner" name="runScenario" time="15.089"/>
</testsuite> <!-- cucumberOptions.TestNGRunner -->
