<?xml version="1.0" encoding="UTF-8"?>
<!-- Generated by org.testng.reporters.JUnitReportReporter -->
<testsuite hostname="DESKTOP-LM2MSCP" failures="0" tests="1" name="cucumberOptions.FailedTestRunner" time="15.868" errors="0" timestamp="2025-08-15T11:51:31 IST" skipped="0">
  <testcase classname="cucumberOptions.FailedTestRunner" name="runScenario" time="15.868"/>
</testsuite> <!-- cucumberOptions.FailedTestRunner -->
